Start testing: May 20 10:35 CEST
----------------------------------------------------------
1/1 Testing: calculate_test
1/1 Test: calculate_test
Command: "/home/piotr/Dokumenty/C++/szkola/kurs_cpp_podstawowy/module1/homework/calculate/bulid/calculate-ut"
Directory: /home/piotr/Dokumenty/C++/szkola/kurs_cpp_podstawowy/module1/homework/calculate/bulid
"calculate_test" start time: May 20 10:35 CEST
Output:
----------------------------------------------------------
Running main() from /home/piotr/Dokumenty/C++/szkola/kurs_cpp_podstawowy/module1/homework/calculate/bulid/googletest-src/googletest/src/gtest_main.cc
[==========] Running 5 tests from 1 test suite.
[----------] Global test environment set-up.
[----------] 5 tests from calculate
[ RUN      ] calculate.ShouldAdd
/home/piotr/Dokumenty/C++/szkola/kurs_cpp_podstawowy/module1/homework/calculate/test.cpp:5: Failure
Expected equality of these values:
  calculate("add", 10, 20)
    Which is: ""
  "30"
/home/piotr/Dokumenty/C++/szkola/kurs_cpp_podstawowy/module1/homework/calculate/test.cpp:6: Failure
Expected equality of these values:
  calculate("add", 15, 5)
    Which is: ""
  "20"
/home/piotr/Dokumenty/C++/szkola/kurs_cpp_podstawowy/module1/homework/calculate/test.cpp:7: Failure
Expected equality of these values:
  calculate("add", 0, 0)
    Which is: ""
  "0"
/home/piotr/Dokumenty/C++/szkola/kurs_cpp_podstawowy/module1/homework/calculate/test.cpp:8: Failure
Expected equality of these values:
  calculate("add", 1, -20)
    Which is: ""
  "-19"
[  FAILED  ] calculate.ShouldAdd (0 ms)
[ RUN      ] calculate.ShouldSubtract
/home/piotr/Dokumenty/C++/szkola/kurs_cpp_podstawowy/module1/homework/calculate/test.cpp:12: Failure
Expected equality of these values:
  calculate("subtract", 10, 20)
    Which is: ""
  "-10"
/home/piotr/Dokumenty/C++/szkola/kurs_cpp_podstawowy/module1/homework/calculate/test.cpp:13: Failure
Expected equality of these values:
  calculate("subtract", 15, 5)
    Which is: ""
  "10"
/home/piotr/Dokumenty/C++/szkola/kurs_cpp_podstawowy/module1/homework/calculate/test.cpp:14: Failure
Expected equality of these values:
  calculate("subtract", 0, 0)
    Which is: ""
  "0"
/home/piotr/Dokumenty/C++/szkola/kurs_cpp_podstawowy/module1/homework/calculate/test.cpp:15: Failure
Expected equality of these values:
  calculate("subtract", 1, -20)
    Which is: ""
  "21"
[  FAILED  ] calculate.ShouldSubtract (0 ms)
[ RUN      ] calculate.ShouldMultiply
/home/piotr/Dokumenty/C++/szkola/kurs_cpp_podstawowy/module1/homework/calculate/test.cpp:19: Failure
Expected equality of these values:
  calculate("multiply", 10, 20)
    Which is: ""
  "200"
/home/piotr/Dokumenty/C++/szkola/kurs_cpp_podstawowy/module1/homework/calculate/test.cpp:20: Failure
Expected equality of these values:
  calculate("multiply", 15, 5)
    Which is: ""
  "75"
/home/piotr/Dokumenty/C++/szkola/kurs_cpp_podstawowy/module1/homework/calculate/test.cpp:21: Failure
Expected equality of these values:
  calculate("multiply", 0, 0)
    Which is: ""
  "0"
/home/piotr/Dokumenty/C++/szkola/kurs_cpp_podstawowy/module1/homework/calculate/test.cpp:22: Failure
Expected equality of these values:
  calculate("multiply", 1, -20)
    Which is: ""
  "-20"
[  FAILED  ] calculate.ShouldMultiply (0 ms)
[ RUN      ] calculate.ShouldDivide
/home/piotr/Dokumenty/C++/szkola/kurs_cpp_podstawowy/module1/homework/calculate/test.cpp:26: Failure
Expected equality of these values:
  calculate("divide", 10, 20)
    Which is: ""
  "0"
/home/piotr/Dokumenty/C++/szkola/kurs_cpp_podstawowy/module1/homework/calculate/test.cpp:27: Failure
Expected equality of these values:
  calculate("divide", 15, 5)
    Which is: ""
  "3"
/home/piotr/Dokumenty/C++/szkola/kurs_cpp_podstawowy/module1/homework/calculate/test.cpp:28: Failure
Expected equality of these values:
  calculate("divide", 0, 0)
    Which is: ""
  "Division by 0"
/home/piotr/Dokumenty/C++/szkola/kurs_cpp_podstawowy/module1/homework/calculate/test.cpp:29: Failure
Expected equality of these values:
  calculate("divide", -20, 10)
    Which is: ""
  "-2"
[  FAILED  ] calculate.ShouldDivide (1 ms)
[ RUN      ] calculate.ShouldReturnInvalidData
/home/piotr/Dokumenty/C++/szkola/kurs_cpp_podstawowy/module1/homework/calculate/test.cpp:33: Failure
Expected equality of these values:
  calculate("quit", 10, 20)
    Which is: ""
  "Invalid data"
/home/piotr/Dokumenty/C++/szkola/kurs_cpp_podstawowy/module1/homework/calculate/test.cpp:34: Failure
Expected equality of these values:
  calculate("q", 15, 5)
    Which is: ""
  "Invalid data"
/home/piotr/Dokumenty/C++/szkola/kurs_cpp_podstawowy/module1/homework/calculate/test.cpp:35: Failure
Expected equality of these values:
  calculate("5", 0, 0)
    Which is: ""
  "Invalid data"
/home/piotr/Dokumenty/C++/szkola/kurs_cpp_podstawowy/module1/homework/calculate/test.cpp:36: Failure
Expected equality of these values:
  calculate("sth", -20, 10)
    Which is: ""
  "Invalid data"
[  FAILED  ] calculate.ShouldReturnInvalidData (0 ms)
[----------] 5 tests from calculate (1 ms total)

[----------] Global test environment tear-down
[==========] 5 tests from 1 test suite ran. (1 ms total)
[  PASSED  ] 0 tests.
[  FAILED  ] 5 tests, listed below:
[  FAILED  ] calculate.ShouldAdd
[  FAILED  ] calculate.ShouldSubtract
[  FAILED  ] calculate.ShouldMultiply
[  FAILED  ] calculate.ShouldDivide
[  FAILED  ] calculate.ShouldReturnInvalidData

 5 FAILED TESTS
<end of output>
Test time =   0.00 sec
----------------------------------------------------------
Test Failed.
"calculate_test" end time: May 20 10:35 CEST
"calculate_test" time elapsed: 00:00:00
----------------------------------------------------------

End testing: May 20 10:35 CEST
