Start testing: Jan 14 16:48 CET
----------------------------------------------------------
1/1 Testing: calculate_test
1/1 Test: calculate_test
Command: "/home/warp/kurs_cpp_podstawowy/module1/homework/fibonacci/buid/fibonacci-ut"
Directory: /home/warp/kurs_cpp_podstawowy/module1/homework/fibonacci/buid
"calculate_test" start time: Jan 14 16:48 CET
Output:
----------------------------------------------------------
Running main() from /home/warp/kurs_cpp_podstawowy/module1/homework/fibonacci/buid/googletest-src/googletest/src/gtest_main.cc
[==========] Running 22 tests from 1 test suite.
[----------] Global test environment set-up.
[----------] 22 tests from FibonacciTest/Fibonacci
[ RUN      ] FibonacciTest/Fibonacci.ShouldCalculateFibonacciIteratively/0
[       OK ] FibonacciTest/Fibonacci.ShouldCalculateFibonacciIteratively/0 (0 ms)
[ RUN      ] FibonacciTest/Fibonacci.ShouldCalculateFibonacciIteratively/1
[       OK ] FibonacciTest/Fibonacci.ShouldCalculateFibonacciIteratively/1 (0 ms)
[ RUN      ] FibonacciTest/Fibonacci.ShouldCalculateFibonacciIteratively/2
[       OK ] FibonacciTest/Fibonacci.ShouldCalculateFibonacciIteratively/2 (0 ms)
[ RUN      ] FibonacciTest/Fibonacci.ShouldCalculateFibonacciIteratively/3
[       OK ] FibonacciTest/Fibonacci.ShouldCalculateFibonacciIteratively/3 (0 ms)
[ RUN      ] FibonacciTest/Fibonacci.ShouldCalculateFibonacciIteratively/4
[       OK ] FibonacciTest/Fibonacci.ShouldCalculateFibonacciIteratively/4 (0 ms)
[ RUN      ] FibonacciTest/Fibonacci.ShouldCalculateFibonacciIteratively/5
[       OK ] FibonacciTest/Fibonacci.ShouldCalculateFibonacciIteratively/5 (0 ms)
[ RUN      ] FibonacciTest/Fibonacci.ShouldCalculateFibonacciIteratively/6
[       OK ] FibonacciTest/Fibonacci.ShouldCalculateFibonacciIteratively/6 (0 ms)
[ RUN      ] FibonacciTest/Fibonacci.ShouldCalculateFibonacciIteratively/7
[       OK ] FibonacciTest/Fibonacci.ShouldCalculateFibonacciIteratively/7 (0 ms)
[ RUN      ] FibonacciTest/Fibonacci.ShouldCalculateFibonacciIteratively/8
[       OK ] FibonacciTest/Fibonacci.ShouldCalculateFibonacciIteratively/8 (0 ms)
[ RUN      ] FibonacciTest/Fibonacci.ShouldCalculateFibonacciIteratively/9
[       OK ] FibonacciTest/Fibonacci.ShouldCalculateFibonacciIteratively/9 (0 ms)
[ RUN      ] FibonacciTest/Fibonacci.ShouldCalculateFibonacciIteratively/10
[       OK ] FibonacciTest/Fibonacci.ShouldCalculateFibonacciIteratively/10 (0 ms)
[ RUN      ] FibonacciTest/Fibonacci.ShouldCalculateFibonacciRecursively/0
[       OK ] FibonacciTest/Fibonacci.ShouldCalculateFibonacciRecursively/0 (0 ms)
[ RUN      ] FibonacciTest/Fibonacci.ShouldCalculateFibonacciRecursively/1
[       OK ] FibonacciTest/Fibonacci.ShouldCalculateFibonacciRecursively/1 (0 ms)
[ RUN      ] FibonacciTest/Fibonacci.ShouldCalculateFibonacciRecursively/2
[       OK ] FibonacciTest/Fibonacci.ShouldCalculateFibonacciRecursively/2 (0 ms)
[ RUN      ] FibonacciTest/Fibonacci.ShouldCalculateFibonacciRecursively/3
[       OK ] FibonacciTest/Fibonacci.ShouldCalculateFibonacciRecursively/3 (0 ms)
[ RUN      ] FibonacciTest/Fibonacci.ShouldCalculateFibonacciRecursively/4
[       OK ] FibonacciTest/Fibonacci.ShouldCalculateFibonacciRecursively/4 (0 ms)
[ RUN      ] FibonacciTest/Fibonacci.ShouldCalculateFibonacciRecursively/5
[       OK ] FibonacciTest/Fibonacci.ShouldCalculateFibonacciRecursively/5 (0 ms)
[ RUN      ] FibonacciTest/Fibonacci.ShouldCalculateFibonacciRecursively/6
[       OK ] FibonacciTest/Fibonacci.ShouldCalculateFibonacciRecursively/6 (0 ms)
[ RUN      ] FibonacciTest/Fibonacci.ShouldCalculateFibonacciRecursively/7
[       OK ] FibonacciTest/Fibonacci.ShouldCalculateFibonacciRecursively/7 (0 ms)
[ RUN      ] FibonacciTest/Fibonacci.ShouldCalculateFibonacciRecursively/8
[       OK ] FibonacciTest/Fibonacci.ShouldCalculateFibonacciRecursively/8 (0 ms)
[ RUN      ] FibonacciTest/Fibonacci.ShouldCalculateFibonacciRecursively/9
[       OK ] FibonacciTest/Fibonacci.ShouldCalculateFibonacciRecursively/9 (0 ms)
[ RUN      ] FibonacciTest/Fibonacci.ShouldCalculateFibonacciRecursively/10
[       OK ] FibonacciTest/Fibonacci.ShouldCalculateFibonacciRecursively/10 (0 ms)
[----------] 22 tests from FibonacciTest/Fibonacci (0 ms total)

[----------] Global test environment tear-down
[==========] 22 tests from 1 test suite ran. (0 ms total)
[  PASSED  ] 22 tests.
<end of output>
Test time =   0.00 sec
----------------------------------------------------------
Test Passed.
"calculate_test" end time: Jan 14 16:48 CET
"calculate_test" time elapsed: 00:00:00
----------------------------------------------------------

End testing: Jan 14 16:48 CET
